mode: set
esep/grade-calculator/grade_calculator.go:23.44,23.73 1 1
esep/grade-calculator/grade_calculator.go:25.74,27.12 2 1
esep/grade-calculator/grade_calculator.go:28.18,29.44 1 1
esep/grade-calculator/grade_calculator.go:30.12,31.32 1 1
esep/grade-calculator/grade_calculator.go:32.13,33.34 1 1
esep/grade-calculator/grade_calculator.go:37.30,38.18 1 1
esep/grade-calculator/grade_calculator.go:38.18,40.3 1 1
esep/grade-calculator/grade_calculator.go:41.2,42.23 2 1
esep/grade-calculator/grade_calculator.go:42.23,44.3 1 1
esep/grade-calculator/grade_calculator.go:45.2,45.29 1 1
esep/grade-calculator/grade_calculator.go:48.50,51.9 2 1
esep/grade-calculator/grade_calculator.go:52.19,53.13 1 1
esep/grade-calculator/grade_calculator.go:54.19,55.13 1 1
esep/grade-calculator/grade_calculator.go:56.19,57.13 1 1
esep/grade-calculator/grade_calculator.go:58.19,59.13 1 1
esep/grade-calculator/grade_calculator.go:60.10,61.13 1 1
